<?xml version="1.0" encoding="UTF-8"?>
<testsuite xmlns:xsi="http://www.w3.org/2001/XMLSchema-instance" xsi:noNamespaceSchemaLocation="https://maven.apache.org/surefire/maven-surefire-plugin/xsd/surefire-test-report-3.0.xsd" version="3.0" name="TestSuite" time="49.337" tests="12" errors="0" skipped="0" failures="0">
  <properties>
[...]
</properties>
  <testcase name="LockedoutUserLogin" classname="com.dd.selenium.LoginNegativeTests" time="0.414">
    <system-err><![CDATA[SLF4J(W): No SLF4J providers were found.
SLF4J(W): Defaulting to no-operation (NOP) logger implementation
SLF4J(W): See https://www.slf4j.org/codes.html#noProviders for further details.
Apr 26, 2025 9:26:53 PM org.openqa.selenium.devtools.CdpVersionFinder findNearestMatch
WARNING: Unable to find an exact match for CDP version 135, returning the closest version; found: 133; Please update to a Selenium version that supports CDP version 135
]]></system-err>
  </testcase>
  <testcase name="blankPasswordLogin" classname="com.dd.selenium.LoginNegativeTests" time="0.589">
    <system-err><![CDATA[Apr 26, 2025 9:26:56 PM org.openqa.selenium.devtools.CdpVersionFinder findNearestMatch
WARNING: Unable to find an exact match for CDP version 135, returning the closest version; found: 133; Please update to a Selenium version that supports CDP version 135
]]></system-err>
  </testcase>
  <testcase name="blankUsernameAndPasswordLogin" classname="com.dd.selenium.LoginNegativeTests" time="0.216">
    <system-err><![CDATA[Apr 26, 2025 9:26:59 PM org.openqa.selenium.devtools.CdpVersionFinder findNearestMatch
WARNING: Unable to find an exact match for CDP version 135, returning the closest version; found: 133; Please update to a Selenium version that supports CDP version 135
]]></system-err>
  </testcase>
  <testcase name="blankUsernameLogin" classname="com.dd.selenium.LoginNegativeTests" time="0.534">
    <system-err><![CDATA[Apr 26, 2025 9:27:02 PM org.openqa.selenium.devtools.CdpVersionFinder findNearestMatch
WARNING: Unable to find an exact match for CDP version 135, returning the closest version; found: 133; Please update to a Selenium version that supports CDP version 135
]]></system-err>
  </testcase>
  <testcase name="invalidPasswordLogin" classname="com.dd.selenium.LoginNegativeTests" time="0.402">
    <system-err><![CDATA[Apr 26, 2025 9:27:05 PM org.openqa.selenium.devtools.CdpVersionFinder findNearestMatch
WARNING: Unable to find an exact match for CDP version 135, returning the closest version; found: 133; Please update to a Selenium version that supports CDP version 135
]]></system-err>
  </testcase>
  <testcase name="invalidUsernameAndPasswordLogin" classname="com.dd.selenium.LoginNegativeTests" time="0.463">
    <system-err><![CDATA[Apr 26, 2025 9:27:09 PM org.openqa.selenium.devtools.CdpVersionFinder findNearestMatch
WARNING: Unable to find an exact match for CDP version 135, returning the closest version; found: 133; Please update to a Selenium version that supports CDP version 135
]]></system-err>
  </testcase>
  <testcase name="invalidUsernameLogin" classname="com.dd.selenium.LoginNegativeTests" time="0.412">
    <system-err><![CDATA[Apr 26, 2025 9:27:12 PM org.openqa.selenium.devtools.CdpVersionFinder findNearestMatch
WARNING: Unable to find an exact match for CDP version 135, returning the closest version; found: 133; Please update to a Selenium version that supports CDP version 135
]]></system-err>
  </testcase>
  <testcase name="logWithLongUsername" classname="com.dd.selenium.LoginNegativeTests" time="1.624">
    <system-err><![CDATA[Apr 26, 2025 9:27:16 PM org.openqa.selenium.devtools.CdpVersionFinder findNearestMatch
WARNING: Unable to find an exact match for CDP version 135, returning the closest version; found: 133; Please update to a Selenium version that supports CDP version 135
]]></system-err>
  </testcase>
  <testcase name="testInvalidLoginScenariosWithDDT[, , Epic sadface: Username is required](1)" classname="com.dd.selenium.LoginNegativeTests" time="0.848">
    <system-err><![CDATA[Apr 26, 2025 9:27:22 PM org.openqa.selenium.devtools.CdpVersionFinder findNearestMatch
WARNING: Unable to find an exact match for CDP version 135, returning the closest version; found: 133; Please update to a Selenium version that supports CDP version 135
]]></system-err>
  </testcase>
  <testcase name="testInvalidLoginScenariosWithDDT[, password, Epic sadface: Username is required](2)" classname="com.dd.selenium.LoginNegativeTests" time="0.798">
    <system-err><![CDATA[Apr 26, 2025 9:27:27 PM org.openqa.selenium.devtools.CdpVersionFinder findNearestMatch
WARNING: Unable to find an exact match for CDP version 135, returning the closest version; found: 133; Please update to a Selenium version that supports CDP version 135
]]></system-err>
  </testcase>
  <testcase name="testInvalidLoginScenariosWithDDT[standard-user, , Epic sadface: Password is required](3)" classname="com.dd.selenium.LoginNegativeTests" time="0.889">
    <system-err><![CDATA[Apr 26, 2025 9:27:32 PM org.openqa.selenium.devtools.CdpVersionFinder findNearestMatch
WARNING: Unable to find an exact match for CDP version 135, returning the closest version; found: 133; Please update to a Selenium version that supports CDP version 135
]]></system-err>
  </testcase>
  <testcase name="testwithSpecialCharacters" classname="com.dd.selenium.LoginNegativeTests" time="1.129">
    <system-err><![CDATA[Apr 26, 2025 9:27:36 PM org.openqa.selenium.devtools.CdpVersionFinder findNearestMatch
WARNING: Unable to find an exact match for CDP version 135, returning the closest version; found: 133; Please update to a Selenium version that supports CDP version 135
]]></system-err>
  </testcase>
</testsuite>