<?xml version="1.0" encoding="UTF-8"?>
<!-- Generated by org.testng.reporters.JUnitXMLReporter -->
<testsuite ignored="0" hostname="Deepika" failures="0" tests="12" name="Login test" time="48.605" errors="0" timestamp="2025-04-26T21:27:39 NZST">
  <testcase classname="com.dd.selenium.LoginNegativeTests" name="LockedoutUserLogin" time="0.413"/>
  <testcase classname="com.dd.selenium.LoginNegativeTests" name="blankPasswordLogin" time="0.589"/>
  <testcase classname="com.dd.selenium.LoginNegativeTests" name="blankUsernameAndPasswordLogin" time="0.217"/>
  <testcase classname="com.dd.selenium.LoginNegativeTests" name="blankUsernameLogin" time="0.535"/>
  <testcase classname="com.dd.selenium.LoginNegativeTests" name="invalidPasswordLogin" time="0.402"/>
  <testcase classname="com.dd.selenium.LoginNegativeTests" name="invalidUsernameAndPasswordLogin" time="0.464"/>
  <testcase classname="com.dd.selenium.LoginNegativeTests" name="invalidUsernameLogin" time="0.413"/>
  <testcase classname="com.dd.selenium.LoginNegativeTests" name="logWithLongUsername" time="1.624"/>
  <testcase classname="com.dd.selenium.LoginNegativeTests" name="testInvalidLoginScenariosWithDDT" time="0.848"/>
  <testcase classname="com.dd.selenium.LoginNegativeTests" name="testInvalidLoginScenariosWithDDT" time="0.799"/>
  <testcase classname="com.dd.selenium.LoginNegativeTests" name="testInvalidLoginScenariosWithDDT" time="0.891"/>
  <testcase classname="com.dd.selenium.LoginNegativeTests" name="testwithSpecialCharacters" time="1.13"/>
</testsuite> <!-- Login test -->
